Using pre-set license
Built from '2020.3/staging' branch; Version is '2020.3.21f1 (a38c86f6690f) revision 10718342'; Using compiler version '192528614'; Build Type 'Release'
OS: 'Windows 10 Pro; OS build 19042.1586; Version 2009; 64bit' Language: 'en' Physical Memory: 7930 MB
BatchMode: 1, IsHumanControllingUs: 0, StartBugReporterOnCrash: 0, Is64bit: 1, IsPro: 0

COMMAND LINE ARGUMENTS:
C:\Program Files\Unity\Hub\Editor\2020.3.21f1\Editor\Unity.exe
-adb2
-batchMode
-noUpm
-name
AssetImportWorker0
-projectPath
C:/Users/omari.reid_compscihi/GroupProject
-logFile
Logs/AssetImportWorker0.log
-srvPort
50479
Successfully changed project path to: C:/Users/omari.reid_compscihi/GroupProject
C:/Users/omari.reid_compscihi/GroupProject
Using Asset Import Pipeline V2.
Refreshing native plugins compatible for Editor in 64.99 ms, found 2 plugins.
Preloading 0 native plugins for Editor in 0.00 ms.
Initialize engine version: 2020.3.21f1 (a38c86f6690f)
[Subsystems] Discovering subsystems at path C:/Program Files/Unity/Hub/Editor/2020.3.21f1/Editor/Data/Resources/UnitySubsystems
[Subsystems] Discovering subsystems at path C:/Users/omari.reid_compscihi/GroupProject/Assets
GfxDevice: creating device client; threaded=0
Direct3D:
    Version:  Direct3D 11.0 [level 11.1]
    Renderer: Intel(R) Iris(R) Xe Graphics (ID=0x9a49)
    Vendor:   
    VRAM:     3965 MB
    Driver:   27.20.100.9365
Initialize mono
Mono path[0] = 'C:/Program Files/Unity/Hub/Editor/2020.3.21f1/Editor/Data/Managed'
Mono path[1] = 'C:/Program Files/Unity/Hub/Editor/2020.3.21f1/Editor/Data/MonoBleedingEdge/lib/mono/unityjit'
Mono config path = 'C:/Program Files/Unity/Hub/Editor/2020.3.21f1/Editor/Data/MonoBleedingEdge/etc'
Using monoOptions --debugger-agent=transport=dt_socket,embedding=1,server=y,suspend=n,address=127.0.0.1:56492
Begin MonoManager ReloadAssembly
Registering precompiled unity dll's ...
Register platform support module: C:/Program Files/Unity/Hub/Editor/2020.3.21f1/Editor/Data/PlaybackEngines/WindowsStandaloneSupport/UnityEditor.WindowsStandalone.Extensions.dll
Registered in 0.003501 seconds.
Native extension for WindowsStandalone target not found
Refreshing native plugins compatible for Editor in 65.06 ms, found 2 plugins.
Preloading 0 native plugins for Editor in 0.00 ms.
Mono: successfully reloaded assembly
- Completed reload, in  7.738 seconds
Domain Reload Profiling:
	ReloadAssembly (7738ms)
		BeginReloadAssembly (111ms)
			ExecutionOrderSort (0ms)
			DisableScriptedObjects (0ms)
			BackupInstance (0ms)
			ReleaseScriptingObjects (0ms)
			CreateAndSetChildDomain (2ms)
		EndReloadAssembly (998ms)
			LoadAssemblies (107ms)
			RebuildTransferFunctionScriptingTraits (0ms)
			SetupTypeCache (351ms)
			ReleaseScriptCaches (0ms)
			RebuildScriptCaches (65ms)
			SetupLoadedEditorAssemblies (356ms)
				LogAssemblyErrors (0ms)
				InitializePlatformSupportModulesInManaged (9ms)
				SetLoadedEditorAssemblies (0ms)
				RefreshPlugins (65ms)
				BeforeProcessingInitializeOnLoad (38ms)
				ProcessInitializeOnLoadAttributes (179ms)
				ProcessInitializeOnLoadMethodAttributes (64ms)
				AfterProcessingInitializeOnLoad (0ms)
				EditorAssembliesLoaded (0ms)
			ExecutionOrderSort2 (0ms)
			AwakeInstancesAfterBackupRestoration (0ms)
Platform modules already initialized, skipping
Registering precompiled user dll's ...
Registered in 0.008776 seconds.
Begin MonoManager ReloadAssembly
Native extension for WindowsStandalone target not found
Refreshing native plugins compatible for Editor in 0.59 ms, found 2 plugins.
Preloading 0 native plugins for Editor in 0.00 ms.
Mono: successfully reloaded assembly
- Completed reload, in  2.158 seconds
Domain Reload Profiling:
	ReloadAssembly (2160ms)
		BeginReloadAssembly (324ms)
			ExecutionOrderSort (0ms)
			DisableScriptedObjects (8ms)
			BackupInstance (0ms)
			ReleaseScriptingObjects (0ms)
			CreateAndSetChildDomain (43ms)
		EndReloadAssembly (1693ms)
			LoadAssemblies (242ms)
			RebuildTransferFunctionScriptingTraits (0ms)
			SetupTypeCache (579ms)
			ReleaseScriptCaches (1ms)
			RebuildScriptCaches (82ms)
			SetupLoadedEditorAssemblies (650ms)
				LogAssemblyErrors (0ms)
				InitializePlatformSupportModulesInManaged (10ms)
				SetLoadedEditorAssemblies (1ms)
				RefreshPlugins (1ms)
				BeforeProcessingInitializeOnLoad (165ms)
				ProcessInitializeOnLoadAttributes (441ms)
				ProcessInitializeOnLoadMethodAttributes (20ms)
				AfterProcessingInitializeOnLoad (11ms)
				EditorAssembliesLoaded (1ms)
			ExecutionOrderSort2 (0ms)
			AwakeInstancesAfterBackupRestoration (12ms)
Platform modules already initialized, skipping
========================================================================
Worker process is ready to serve import requests
Launched and connected shader compiler UnityShaderCompiler.exe after 0.23 seconds
Refreshing native plugins compatible for Editor in 0.26 ms, found 2 plugins.
Preloading 0 native plugins for Editor in 0.00 ms.
Unloading 1488 Unused Serialized files (Serialized files now loaded: 0)
System memory in use before: 67.1 MB.
System memory in use after: 67.2 MB.

Unloading 19 unused Assets to reduce memory usage. Loaded Objects now: 1920.
Total: 5.495600 ms (FindLiveObjects: 0.163800 ms CreateObjectMapping: 0.033400 ms MarkObjects: 5.170800 ms  DeleteObjects: 0.126300 ms)

AssetImportParameters requested are different than current active one (requested -> active):
  custom:framework-win-MediaFoundation: 216162199b28c13a410421893ffa2e32 -> 
  custom:video-decoder-ogg-theora: a1e56fd34408186e4bbccfd4996cb3dc -> 
  custom:container-muxer-webm: aa71ff27fc2769a1b78a27578f13a17b -> 
  custom:container-demuxer-webm: 4f35f7cbe854078d1ac9338744f61a02 -> 
  custom:container-demuxer-ogg: 62fdf1f143b41e24485cea50d1cbac27 -> 
  custom:video-encoder-webm-vp8: eb34c28f22e8b96e1ab97ce403110664 -> 
  custom:video-codec-MediaFoundation-h265: 746d11721c4dcdbdad8f713fa42b33f4 -> 
  custom:video-decoder-webm-vp8: 9c59270c3fd7afecdb556c50c9e8de78 -> 
  custom:audio-decoder-ogg-vorbis: bf7c407c2cedff20999df2af8eb42d56 -> 
  custom:audio-encoder-webm-vorbis: bf7c407c2cedff20999df2af8eb42d56 -> 
========================================================================
Received Import Request.
  path: Assets/Hoop.png
  artifactKey: Guid(a80005e07a8e1b3408cafe7cbeaff070) Importer(815301076,1909f56bfc062723c751e8b465ee728b)
Start importing Assets/Hoop.png using Guid(a80005e07a8e1b3408cafe7cbeaff070) Importer(815301076,1909f56bfc062723c751e8b465ee728b)  -> (artifact id: 'b4b18cd8beedb339cd796fcfe6e51d51') in 0.532373 seconds 
  Import took 0.538305 seconds .

========================================================================
Received Import Request.
  Time since last request: 178.834158 seconds.
  path: Assets/BAckHoOP.jpg
  artifactKey: Guid(7babc1cf57ccadf4ead16f876fd5f83a) Importer(815301076,1909f56bfc062723c751e8b465ee728b)
Start importing Assets/BAckHoOP.jpg using Guid(7babc1cf57ccadf4ead16f876fd5f83a) Importer(815301076,1909f56bfc062723c751e8b465ee728b)  -> (artifact id: 'fbba8a184ed836e8aa4bfc8bee6ed228') in 0.016073 seconds 
  Import took 0.022085 seconds .

========================================================================
Received Import Request.
  Time since last request: 0.000518 seconds.
  path: Assets/Hoop.png
  artifactKey: Guid(a80005e07a8e1b3408cafe7cbeaff070) Importer(815301076,1909f56bfc062723c751e8b465ee728b)
Start importing Assets/Hoop.png using Guid(a80005e07a8e1b3408cafe7cbeaff070) Importer(815301076,1909f56bfc062723c751e8b465ee728b)  -> (artifact id: '015a9e0a33e4895f6941fbeee55977b6') in 0.093551 seconds 
  Import took 0.098611 seconds .

========================================================================
Received Import Request.
  Time since last request: 161.644888 seconds.
  path: Assets/BAckHoOP.jpg
  artifactKey: Guid(7babc1cf57ccadf4ead16f876fd5f83a) Importer(815301076,1909f56bfc062723c751e8b465ee728b)
Start importing Assets/BAckHoOP.jpg using Guid(7babc1cf57ccadf4ead16f876fd5f83a) Importer(815301076,1909f56bfc062723c751e8b465ee728b)  -> (artifact id: '400f369dcf84c9dc00cf0dce77c09b2a') in 0.025507 seconds 
  Import took 0.034362 seconds .

========================================================================
Received Import Request.
  Time since last request: 162.984605 seconds.
  path: Assets
  artifactKey: Guid(00000000000000001000000000000000) Importer(815301076,1909f56bfc062723c751e8b465ee728b)
Start importing Assets using Guid(00000000000000001000000000000000) Importer(815301076,1909f56bfc062723c751e8b465ee728b)  -> (artifact id: '42d402b061de3733987d63b9cc3b64de') in 0.005708 seconds 
  Import took 0.011330 seconds .

========================================================================
Received Import Request.
  Time since last request: 9.670719 seconds.
  path: Assets/images.jpg
  artifactKey: Guid(843ed786af7024f498b8df2b4789aaba) Importer(815301076,1909f56bfc062723c751e8b465ee728b)
Start importing Assets/images.jpg using Guid(843ed786af7024f498b8df2b4789aaba) Importer(815301076,1909f56bfc062723c751e8b465ee728b)  -> (artifact id: 'bafb82590923ad1b16d4dee9336e948e') in 0.013712 seconds 
  Import took 0.018620 seconds .

========================================================================
Received Import Request.
  Time since last request: 19.526159 seconds.
  path: Assets/images.jpg
  artifactKey: Guid(843ed786af7024f498b8df2b4789aaba) Importer(815301076,1909f56bfc062723c751e8b465ee728b)
Start importing Assets/images.jpg using Guid(843ed786af7024f498b8df2b4789aaba) Importer(815301076,1909f56bfc062723c751e8b465ee728b)  -> (artifact id: 'b73aece32cae15dd3b2dacb54e03449a') in 0.021877 seconds 
  Import took 0.028441 seconds .

========================================================================
Received Import Request.
  Time since last request: 165.783753 seconds.
  path: Assets/images-removebg-preview.png
  artifactKey: Guid(5476d5ef2fd8c49468636d88a3cf593b) Importer(815301076,1909f56bfc062723c751e8b465ee728b)
Start importing Assets/images-removebg-preview.png using Guid(5476d5ef2fd8c49468636d88a3cf593b) Importer(815301076,1909f56bfc062723c751e8b465ee728b)  -> (artifact id: 'df278de9f6c552d71fe49086444ba591') in 0.019584 seconds 
  Import took 0.027398 seconds .

========================================================================
Received Import Request.
  Time since last request: 12.892422 seconds.
  path: Assets/images-removebg-preview.png
  artifactKey: Guid(5476d5ef2fd8c49468636d88a3cf593b) Importer(815301076,1909f56bfc062723c751e8b465ee728b)
Start importing Assets/images-removebg-preview.png using Guid(5476d5ef2fd8c49468636d88a3cf593b) Importer(815301076,1909f56bfc062723c751e8b465ee728b)  -> (artifact id: '859530dea34a7237ba588e17a3ec319f') in 0.026122 seconds 
  Import took 0.034128 seconds .

========================================================================
Received Import Request.
  Time since last request: 130.577219 seconds.
  path: Assets/NewBehaviourScript.cs
  artifactKey: Guid(6026bd03180025b4f8b8abc9c23c64b5) Importer(815301076,1909f56bfc062723c751e8b465ee728b)
Start importing Assets/NewBehaviourScript.cs using Guid(6026bd03180025b4f8b8abc9c23c64b5) Importer(815301076,1909f56bfc062723c751e8b465ee728b)  -> (artifact id: 'fb068ef94f8d9f10ebee2f2cc0f8acce') in 0.015121 seconds 
  Import took 0.020916 seconds .

========================================================================
Received Prepare
Registering precompiled user dll's ...
Registered in 0.067596 seconds.
Begin MonoManager ReloadAssembly
Native extension for WindowsStandalone target not found
Refreshing native plugins compatible for Editor in 1.14 ms, found 2 plugins.
Preloading 0 native plugins for Editor in 0.00 ms.
Mono: successfully reloaded assembly
- Completed reload, in  2.520 seconds
Domain Reload Profiling:
	ReloadAssembly (2524ms)
		BeginReloadAssembly (388ms)
			ExecutionOrderSort (0ms)
			DisableScriptedObjects (28ms)
			BackupInstance (0ms)
			ReleaseScriptingObjects (0ms)
			CreateAndSetChildDomain (201ms)
		EndReloadAssembly (2006ms)
			LoadAssemblies (172ms)
			RebuildTransferFunctionScriptingTraits (0ms)
			SetupTypeCache (717ms)
			ReleaseScriptCaches (2ms)
			RebuildScriptCaches (80ms)
			SetupLoadedEditorAssemblies (829ms)
				LogAssemblyErrors (0ms)
				InitializePlatformSupportModulesInManaged (15ms)
				SetLoadedEditorAssemblies (1ms)
				RefreshPlugins (1ms)
				BeforeProcessingInitializeOnLoad (164ms)
				ProcessInitializeOnLoadAttributes (614ms)
				ProcessInitializeOnLoadMethodAttributes (21ms)
				AfterProcessingInitializeOnLoad (13ms)
				EditorAssembliesLoaded (0ms)
			ExecutionOrderSort2 (0ms)
			AwakeInstancesAfterBackupRestoration (13ms)
Platform modules already initialized, skipping
Refreshing native plugins compatible for Editor in 0.55 ms, found 2 plugins.
Preloading 0 native plugins for Editor in 0.00 ms.
Unloading 1483 Unused Serialized files (Serialized files now loaded: 0)
System memory in use before: 70.0 MB.
System memory in use after: 70.1 MB.

Unloading 14 unused Assets to reduce memory usage. Loaded Objects now: 1934.
Total: 5.391100 ms (FindLiveObjects: 0.205200 ms CreateObjectMapping: 0.062000 ms MarkObjects: 5.079600 ms  DeleteObjects: 0.041800 ms)

AssetImportParameters requested are different than current active one (requested -> active):
  custom:framework-win-MediaFoundation: 216162199b28c13a410421893ffa2e32 -> 
  custom:video-decoder-ogg-theora: a1e56fd34408186e4bbccfd4996cb3dc -> 
  custom:container-muxer-webm: aa71ff27fc2769a1b78a27578f13a17b -> 
  custom:container-demuxer-webm: 4f35f7cbe854078d1ac9338744f61a02 -> 
  custom:container-demuxer-ogg: 62fdf1f143b41e24485cea50d1cbac27 -> 
  custom:video-encoder-webm-vp8: eb34c28f22e8b96e1ab97ce403110664 -> 
  custom:video-codec-MediaFoundation-h265: 746d11721c4dcdbdad8f713fa42b33f4 -> 
  custom:video-decoder-webm-vp8: 9c59270c3fd7afecdb556c50c9e8de78 -> 
  custom:audio-decoder-ogg-vorbis: bf7c407c2cedff20999df2af8eb42d56 -> 
  custom:audio-encoder-webm-vorbis: bf7c407c2cedff20999df2af8eb42d56 -> 
========================================================================
Received Import Request.
  Time since last request: 43.225550 seconds.
  path: Assets/backboardmovement.cs
  artifactKey: Guid(6026bd03180025b4f8b8abc9c23c64b5) Importer(815301076,1909f56bfc062723c751e8b465ee728b)
Start importing Assets/backboardmovement.cs using Guid(6026bd03180025b4f8b8abc9c23c64b5) Importer(815301076,1909f56bfc062723c751e8b465ee728b)  -> (artifact id: '5276dd82b134463885536faeb8097650') in 0.020820 seconds 
  Import took 0.036845 seconds .

========================================================================
Received Prepare
Registering precompiled user dll's ...
Registered in 0.008134 seconds.
Begin MonoManager ReloadAssembly
Native extension for WindowsStandalone target not found
Refreshing native plugins compatible for Editor in 0.55 ms, found 2 plugins.
Preloading 0 native plugins for Editor in 0.00 ms.
Mono: successfully reloaded assembly
- Completed reload, in  2.410 seconds
Domain Reload Profiling:
	ReloadAssembly (2411ms)
		BeginReloadAssembly (221ms)
			ExecutionOrderSort (0ms)
			DisableScriptedObjects (9ms)
			BackupInstance (0ms)
			ReleaseScriptingObjects (0ms)
			CreateAndSetChildDomain (64ms)
		EndReloadAssembly (2033ms)
			LoadAssemblies (189ms)
			RebuildTransferFunctionScriptingTraits (0ms)
			SetupTypeCache (717ms)
			ReleaseScriptCaches (3ms)
			RebuildScriptCaches (92ms)
			SetupLoadedEditorAssemblies (843ms)
				LogAssemblyErrors (0ms)
				InitializePlatformSupportModulesInManaged (11ms)
				SetLoadedEditorAssemblies (1ms)
				RefreshPlugins (1ms)
				BeforeProcessingInitializeOnLoad (162ms)
				ProcessInitializeOnLoadAttributes (630ms)
				ProcessInitializeOnLoadMethodAttributes (25ms)
				AfterProcessingInitializeOnLoad (13ms)
				EditorAssembliesLoaded (1ms)
			ExecutionOrderSort2 (0ms)
			AwakeInstancesAfterBackupRestoration (14ms)
Platform modules already initialized, skipping
Refreshing native plugins compatible for Editor in 0.54 ms, found 2 plugins.
Preloading 0 native plugins for Editor in 0.00 ms.
Unloading 1483 Unused Serialized files (Serialized files now loaded: 0)
System memory in use before: 70.1 MB.
System memory in use after: 70.2 MB.

Unloading 14 unused Assets to reduce memory usage. Loaded Objects now: 1936.
Total: 5.164600 ms (FindLiveObjects: 0.188000 ms CreateObjectMapping: 0.064300 ms MarkObjects: 4.880600 ms  DeleteObjects: 0.030000 ms)

AssetImportParameters requested are different than current active one (requested -> active):
  custom:framework-win-MediaFoundation: 216162199b28c13a410421893ffa2e32 -> 
  custom:video-decoder-ogg-theora: a1e56fd34408186e4bbccfd4996cb3dc -> 
  custom:container-muxer-webm: aa71ff27fc2769a1b78a27578f13a17b -> 
  custom:container-demuxer-webm: 4f35f7cbe854078d1ac9338744f61a02 -> 
  custom:container-demuxer-ogg: 62fdf1f143b41e24485cea50d1cbac27 -> 
  custom:video-encoder-webm-vp8: eb34c28f22e8b96e1ab97ce403110664 -> 
  custom:video-codec-MediaFoundation-h265: 746d11721c4dcdbdad8f713fa42b33f4 -> 
  custom:video-decoder-webm-vp8: 9c59270c3fd7afecdb556c50c9e8de78 -> 
  custom:audio-decoder-ogg-vorbis: bf7c407c2cedff20999df2af8eb42d56 -> 
  custom:audio-encoder-webm-vorbis: bf7c407c2cedff20999df2af8eb42d56 -> 
========================================================================
Received Import Request.
  Time since last request: 952.335391 seconds.
  path: Assets/background.jpg
  artifactKey: Guid(12c3dbdb7b998d54db95efe657b74d8b) Importer(815301076,1909f56bfc062723c751e8b465ee728b)
Start importing Assets/background.jpg using Guid(12c3dbdb7b998d54db95efe657b74d8b) Importer(815301076,1909f56bfc062723c751e8b465ee728b)  -> (artifact id: 'f699045a3a782665cb9d397182d1f523') in 0.395888 seconds 
  Import took 0.408461 seconds .

========================================================================
Received Import Request.
  Time since last request: 8.188732 seconds.
  path: Assets/background.jpg
  artifactKey: Guid(12c3dbdb7b998d54db95efe657b74d8b) Importer(815301076,1909f56bfc062723c751e8b465ee728b)
Start importing Assets/background.jpg using Guid(12c3dbdb7b998d54db95efe657b74d8b) Importer(815301076,1909f56bfc062723c751e8b465ee728b)  -> (artifact id: 'dddea59d517a18b42b8e305fbacc9a08') in 0.094002 seconds 
  Import took 0.100109 seconds .

========================================================================
Received Import Request.
  Time since last request: 79282.957001 seconds.
  path: Assets/Basketball.png
  artifactKey: Guid(ed1dd10a9088396488e5b47f27a6212b) Importer(815301076,1909f56bfc062723c751e8b465ee728b)
Start importing Assets/Basketball.png using Guid(ed1dd10a9088396488e5b47f27a6212b) Importer(815301076,1909f56bfc062723c751e8b465ee728b)  -> (artifact id: 'fed818a14f7bc71ee719bbd1002ed325') in 0.254297 seconds 
  Import took 0.463206 seconds .

========================================================================
Received Import Request.
  Time since last request: 10.810954 seconds.
  path: Assets/Basketball.png
  artifactKey: Guid(ed1dd10a9088396488e5b47f27a6212b) Importer(815301076,1909f56bfc062723c751e8b465ee728b)
Start importing Assets/Basketball.png using Guid(ed1dd10a9088396488e5b47f27a6212b) Importer(815301076,1909f56bfc062723c751e8b465ee728b)  -> (artifact id: 'b58e9c2edd7f33774a1f1fc8c7b356b8') in 0.072781 seconds 
  Import took 0.079412 seconds .

